2019-08-21 15:02:07:Running general scan...
2019-08-21 15:02:07:Measurement Parameters:
2019-08-21 15:02:07:Type: Limb | Field: Electric | Side: Back
2019-08-21 15:02:07:Measurement: Highest Peak
2019-08-21 15:03:02:Scan path:
2019-08-21 15:03:02:[[ 1  2  3  4  5]
 [10  9  8  7  6]
 [11 12 13 14 15]
 [20 19 18 17 16]
 [21 22 23 24 25]]
2019-08-21 15:03:02:Values:
2019-08-21 15:03:02:[[0. 0. 0. 0. 0.]
 [0. 0. 0. 0. 0.]
 [0. 0. 0. 0. 0.]
 [0. 0. 0. 0. 0.]
 [0. 0. 0. 0. 0.]]
2019-08-21 15:03:02:position: 1
2019-08-21 15:03:17:New max val: 50.388000
2019-08-21 15:03:26:------------------
2019-08-21 15:03:26:[[50.388  0.     0.     0.     0.   ]
 [ 0.     0.     0.     0.     0.   ]
 [ 0.     0.     0.     0.     0.   ]
 [ 0.     0.     0.     0.     0.   ]
 [ 0.     0.     0.     0.     0.   ]]
2019-08-21 15:03:26:position: 2
