2019-08-21 14:55:52:Running general scan...
2019-08-21 14:55:52:Measurement Parameters:
2019-08-21 14:55:52:Type: Limb | Field: Electric | Side: Back
2019-08-21 14:55:52:Measurement: Highest Peak
2019-08-21 14:57:30:Scan path:
2019-08-21 14:57:30:[[ 1  2  3  4  5]
 [10  9  8  7  6]
 [11 12 13 14 15]
 [20 19 18 17 16]
 [21 22 23 24 25]]
2019-08-21 14:57:30:Values:
2019-08-21 14:57:30:[[0. 0. 0. 0. 0.]
 [0. 0. 0. 0. 0.]
 [0. 0. 0. 0. 0.]
 [0. 0. 0. 0. 0.]
 [0. 0. 0. 0. 0.]]
2019-08-21 14:57:30:position: 1
2019-08-21 14:57:45:New max val: 51.994000
2019-08-21 14:57:54:------------------
2019-08-21 14:57:54:[[51.994  0.     0.     0.     0.   ]
 [ 0.     0.     0.     0.     0.   ]
 [ 0.     0.     0.     0.     0.   ]
 [ 0.     0.     0.     0.     0.   ]
 [ 0.     0.     0.     0.     0.   ]]
2019-08-21 14:57:54:position: 2
2019-08-21 14:58:09:------------------
2019-08-21 14:58:09:[[51.994 51.511  0.     0.     0.   ]
 [ 0.     0.     0.     0.     0.   ]
 [ 0.     0.     0.     0.     0.   ]
 [ 0.     0.     0.     0.     0.   ]
 [ 0.     0.     0.     0.     0.   ]]
2019-08-21 14:58:09:position: 3
