17:54:23:2019/08/21
17:54:23:Running general scan...
17:54:23:Measurement Parameters:
17:54:23:Type: Limb | Field: Electric | Side: Back
17:54:23:Measurement: WideBand
17:54:24:Error: Connection to C4 controller was not found
17:54:24:Thread 'Thread-1' threw an exception: <class 'serial.serialutil.SerialException'>
17:54:35:2019/08/21
17:54:35:2019/08/21
17:54:35:Running general scan...
17:54:35:Running general scan...
17:54:35:Measurement Parameters:
17:54:35:Measurement Parameters:
17:54:35:Type: Limb | Field: Electric | Side: Back
17:54:35:Type: Limb | Field: Electric | Side: Back
17:54:35:Measurement: WideBand
17:54:35:Measurement: WideBand
17:54:35:Error: Connection to C4 controller was not found
17:54:35:Error: Connection to C4 controller was not found
17:54:35:Thread 'Thread-2' threw an exception: <class 'serial.serialutil.SerialException'>
17:54:35:Thread 'Thread-2' threw an exception: <class 'serial.serialutil.SerialException'>
17:54:46:2019/08/21
17:54:46:2019/08/21
17:54:46:2019/08/21
17:54:47:Running general scan...
17:54:47:Running general scan...
17:54:47:Running general scan...
17:54:47:Measurement Parameters:
17:54:47:Measurement Parameters:
17:54:47:Measurement Parameters:
17:54:47:Type: Limb | Field: Electric | Side: Back
17:54:47:Type: Limb | Field: Electric | Side: Back
17:54:47:Type: Limb | Field: Electric | Side: Back
17:54:47:Measurement: Highest Peak
17:54:47:Measurement: Highest Peak
17:54:47:Measurement: Highest Peak
17:54:47:Error: Connection to C4 controller was not found
17:54:47:Error: Connection to C4 controller was not found
17:54:47:Error: Connection to C4 controller was not found
17:54:47:Thread 'Thread-3' threw an exception: <class 'serial.serialutil.SerialException'>
17:54:47:Thread 'Thread-3' threw an exception: <class 'serial.serialutil.SerialException'>
17:54:47:Thread 'Thread-3' threw an exception: <class 'serial.serialutil.SerialException'>
