18:28:35:2019/08/21
18:28:35:Running general scan...
18:28:36:Measurement Parameters:
18:28:36:Type: Limb | Field: Electric | Side: Back
18:28:36:Measurement: WideBand
18:28:37:Error: Connection to C4 controller was not found
18:28:37:Thread 'Thread-1' threw an exception: <class 'serial.serialutil.SerialException'>
18:28:49:2019/08/21
18:28:49:2019/08/21
18:28:50:Running general scan...
18:28:50:Running general scan...
18:28:50:Measurement Parameters:
18:28:50:Measurement Parameters:
18:28:50:Type: Limb | Field: Electric | Side: Back
18:28:50:Type: Limb | Field: Electric | Side: Back
18:28:50:Measurement: Highest Peak
18:28:50:Measurement: Highest Peak
18:28:50:Error: Connection to C4 controller was not found
18:28:50:Error: Connection to C4 controller was not found
18:28:50:Thread 'Thread-2' threw an exception: <class 'serial.serialutil.SerialException'>
18:28:50:Thread 'Thread-2' threw an exception: <class 'serial.serialutil.SerialException'>
18:28:58:2019/08/21
18:28:58:2019/08/21
18:28:58:2019/08/21
18:28:58:Running general scan...
18:28:58:Running general scan...
18:28:58:Running general scan...
18:28:58:Measurement Parameters:
18:28:58:Measurement Parameters:
18:28:58:Measurement Parameters:
18:28:58:Type: Limb | Field: Electric | Side: Back
18:28:58:Type: Limb | Field: Electric | Side: Back
18:28:58:Type: Limb | Field: Electric | Side: Back
18:28:58:Measurement: Highest Peak
18:28:58:Measurement: Highest Peak
18:28:58:Measurement: Highest Peak
18:28:58:Error: Connection to C4 controller was not found
18:28:58:Error: Connection to C4 controller was not found
18:28:58:Error: Connection to C4 controller was not found
18:28:58:Thread 'Thread-3' threw an exception: <class 'serial.serialutil.SerialException'>
18:28:58:Thread 'Thread-3' threw an exception: <class 'serial.serialutil.SerialException'>
18:28:58:Thread 'Thread-3' threw an exception: <class 'serial.serialutil.SerialException'>
18:29:03:2019/08/21
18:29:03:2019/08/21
18:29:03:2019/08/21
18:29:03:Running general scan...
18:29:03:Running general scan...
18:29:03:Running general scan...
18:29:03:Measurement Parameters:
18:29:03:Measurement Parameters:
18:29:03:Measurement Parameters:
18:29:03:Type: Limb | Field: Electric | Side: Back
18:29:03:Type: Limb | Field: Electric | Side: Back
18:29:03:Type: Limb | Field: Electric | Side: Back
18:29:03:Measurement: Highest Peak
18:29:03:Measurement: Highest Peak
18:29:03:Measurement: Highest Peak
18:29:03:Error: Connection to C4 controller was not found
18:29:03:Error: Connection to C4 controller was not found
18:29:03:Error: Connection to C4 controller was not found
18:29:03:Thread 'Thread-4' threw an exception: <class 'serial.serialutil.SerialException'>
18:29:03:Thread 'Thread-4' threw an exception: <class 'serial.serialutil.SerialException'>
18:29:03:Thread 'Thread-4' threw an exception: <class 'serial.serialutil.SerialException'>
18:29:16:2019/08/21
18:29:16:2019/08/21
18:29:16:2019/08/21
18:29:16:Running general scan...
18:29:16:Running general scan...
18:29:16:Running general scan...
18:29:16:Measurement Parameters:
18:29:16:Measurement Parameters:
18:29:16:Measurement Parameters:
18:29:16:Type: Limb | Field: Electric | Side: Back
18:29:16:Type: Limb | Field: Electric | Side: Back
18:29:16:Type: Limb | Field: Electric | Side: Back
18:29:16:Measurement: WideBand
18:29:16:Measurement: WideBand
18:29:16:Measurement: WideBand
18:29:16:Error: Connection to C4 controller was not found
18:29:16:Error: Connection to C4 controller was not found
18:29:16:Error: Connection to C4 controller was not found
18:29:16:Thread 'Thread-5' threw an exception: <class 'serial.serialutil.SerialException'>
18:29:16:Thread 'Thread-5' threw an exception: <class 'serial.serialutil.SerialException'>
18:29:16:Thread 'Thread-5' threw an exception: <class 'serial.serialutil.SerialException'>
18:29:38:2019/08/21
18:29:38:2019/08/21
18:29:38:2019/08/21
18:29:38:Running general scan...
18:29:38:Running general scan...
18:29:38:Running general scan...
18:29:38:Measurement Parameters:
18:29:38:Measurement Parameters:
18:29:38:Measurement Parameters:
18:29:38:Type: Limb | Field: Electric | Side: Back
18:29:38:Type: Limb | Field: Electric | Side: Back
18:29:38:Type: Limb | Field: Electric | Side: Back
18:29:38:Measurement: WideBand
18:29:38:Measurement: WideBand
18:29:38:Measurement: WideBand
18:29:38:Error: Connection to C4 controller was not found
18:29:38:Error: Connection to C4 controller was not found
18:29:38:Error: Connection to C4 controller was not found
18:29:38:Thread 'Thread-6' threw an exception: <class 'serial.serialutil.SerialException'>
18:29:38:Thread 'Thread-6' threw an exception: <class 'serial.serialutil.SerialException'>
18:29:38:Thread 'Thread-6' threw an exception: <class 'serial.serialutil.SerialException'>
